2014/09/07 02:00:22 [error] [exception.CException] exception 'CException' with message 'Property "CHttpRequest.isPost" is not defined.' in /var/www/html/project2/framework/base/CComponent.php:130
Stack trace:
#0 /var/www/html/project2/project2/protected/modules/admin/controllers/CompanyController.php(20): CComponent->__get('isPost')
#1 /var/www/html/project2/framework/web/actions/CInlineAction.php(49): CompanyController->actionCreate()
#2 /var/www/html/project2/framework/web/CController.php(308): CInlineAction->runWithParams(Array)
#3 /var/www/html/project2/framework/web/CController.php(286): CController->runAction(Object(CInlineAction))
#4 /var/www/html/project2/framework/web/CController.php(265): CController->runActionWithFilters(Object(CInlineAction), Array)
#5 /var/www/html/project2/framework/web/CWebApplication.php(282): CController->run('create')
#6 /var/www/html/project2/framework/web/CWebApplication.php(141): CWebApplication->runController('admin/company/c...')
#7 /var/www/html/project2/framework/base/CApplication.php(184): CWebApplication->processRequest()
#8 /var/www/html/project2/project2/index.php(13): CApplication->run()
#9 {main}
REQUEST_URI=/project2/project2/index.php?r=admin/company/create
HTTP_REFERER=http://localhost/project2/project2/index.php?r=admin/company
---
2014/09/07 02:10:25 [error] [php] Undefined variable: companyId (/var/www/html/project2/project2/protected/modules/admin/controllers/CompanyController.php:30)
Stack trace:
#0 /var/www/html/project2/framework/web/CController.php(286): CompanyController->runAction()
#1 /var/www/html/project2/framework/web/CController.php(265): CompanyController->runActionWithFilters()
#2 /var/www/html/project2/framework/web/CWebApplication.php(282): CompanyController->run()
#3 /var/www/html/project2/framework/web/CWebApplication.php(141): CWebApplication->runController()
#4 /var/www/html/project2/framework/base/CApplication.php(184): CWebApplication->processRequest()
#5 /var/www/html/project2/project2/index.php(13): CWebApplication->run()
REQUEST_URI=/project2/project2/index.php?r=admin/company/update&companyId=1
in /var/www/html/project2/project2/protected/modules/admin/controllers/CompanyController.php (30)
in /var/www/html/project2/project2/index.php (13)
